<?xml version="1.0" encoding="UTF-8"?>
<!-- Generated by org.testng.reporters.JUnitReportReporter -->
<testsuite hostname="DESKTOP-7LKQTFF" failures="0" tests="6" name="com.skegge.tests.LoginPageTest" time="159.392" errors="0" timestamp="26 Jul 2021 17:26:31 GMT" skipped="0">
  <testcase classname="com.skegge.tests.LoginPageTest" name="tc04_verifyErrorMessageForLoginWithInvalidCredentials" time="31.424"/>
  <testcase classname="com.skegge.tests.LoginPageTest" name="tc03_verifySuccessfulLogin" time="29.252"/>
  <testcase classname="com.skegge.tests.LoginPageTest" name="tc04_verifyErrorMessageForLoginWithInvalidCredentials" time="42.082"/>
  <testcase classname="com.skegge.tests.LoginPageTest" name="tc04_verifyErrorMessageForLoginWithInvalidCredentials" time="29.211"/>
  <testcase classname="com.skegge.tests.LoginPageTest" name="tc01_verifyLoginPageTitle" time="15.768"/>
  <testcase classname="com.skegge.tests.LoginPageTest" name="tc02_verifyLoginPageContents" time="11.655"/>
</testsuite> <!-- com.skegge.tests.LoginPageTest -->
